# JRE version: Java(TM) SE Runtime Environment (19.0+36) (build 19+36-2238)
# Java VM: Java HotSpot(TM) 64-Bit Server VM (19+36-2238, mixed mode, sharing, tiered, compressed oops, compressed class ptrs, g1 gc, windows-amd64)
GC Precious Log:
 CardTable entry size: 512
 Card Set container configuration: InlinePtr #cards 4 size 8 Array Of Cards #cards 8 size 32 Howl #buckets 8 coarsen threshold 3686 Howl Bitmap #cards 512 size 80 coarsen threshold 460 Card regions per heap region 1 cards per card region 4096
 CPUs: 8 total, 8 available
 Memory: 16253M
 Large Page Support: Disabled
 NUMA Support: Disabled
 Compressed Oops: Enabled (Zero based)
 Heap Region Size: 2M
 Heap Min Capacity: 8M
 Heap Initial Capacity: 254M
 Heap Max Capacity: 4064M
 Pre-touch: Disabled
 Parallel Workers: 8
 Concurrent Workers: 2
 Concurrent Refinement Workers: 8
 Periodic GC: Disabled
Heap:
 garbage-first heap   total 382976K, used 162157K [0x0000000702000000, 0x0000000800000000)
  region size 2048K, 60 young (122880K), 1 survivors (2048K)
 Metaspace       used 84346K, committed 85184K, reserved 1179648K
  class space    used 9930K, committed 10304K, reserved 1048576K
GC Heap History (20 events):
Event: 821.112 GC heap before
{Heap before GC invocations=99 (full 7):
 garbage-first heap   total 131072K, used 89073K [0x0000000702000000, 0x0000000800000000)
  region size 2048K, 26 young (53248K), 3 survivors (6144K)
 Metaspace       used 82813K, committed 83648K, reserved 1179648K
  class space    used 9834K, committed 10240K, reserved 1048576K
}
Event: 821.117 GC heap after
{Heap after GC invocations=100 (full 7):
 garbage-first heap   total 131072K, used 45153K [0x0000000702000000, 0x0000000800000000)
  region size 2048K, 3 young (6144K), 3 survivors (6144K)
 Metaspace       used 82813K, committed 83648K, reserved 1179648K
  class space    used 9834K, committed 10240K, reserved 1048576K
}
Event: 821.121 GC heap before
{Heap before GC invocations=100 (full 7):
 garbage-first heap   total 131072K, used 47201K [0x0000000702000000, 0x0000000800000000)
  region size 2048K, 4 young (8192K), 3 survivors (6144K)
 Metaspace       used 82813K, committed 83648K, reserved 1179648K
  class space    used 9834K, committed 10240K, reserved 1048576K
}
Event: 821.125 GC heap after
{Heap after GC invocations=101 (full 7):
 garbage-first heap   total 131072K, used 45873K [0x0000000702000000, 0x0000000800000000)
  region size 2048K, 1 young (2048K), 1 survivors (2048K)
 Metaspace       used 82813K, committed 83648K, reserved 1179648K
  class space    used 9834K, committed 10240K, reserved 1048576K
}
Event: 821.214 GC heap before
{Heap before GC invocations=101 (full 7):
 garbage-first heap   total 131072K, used 92977K [0x0000000702000000, 0x0000000800000000)
  region size 2048K, 25 young (51200K), 1 survivors (2048K)
 Metaspace       used 82815K, committed 83648K, reserved 1179648K
  class space    used 9834K, committed 10240K, reserved 1048576K
}
Event: 821.224 GC heap after
{Heap after GC invocations=102 (full 7):
 garbage-first heap   total 393216K, used 58717K [0x0000000702000000, 0x0000000800000000)
  region size 2048K, 4 young (8192K), 4 survivors (8192K)
 Metaspace       used 82815K, committed 83648K, reserved 1179648K
  class space    used 9834K, committed 10240K, reserved 1048576K
}
Event: 825.036 GC heap before
{Heap before GC invocations=103 (full 7):
 garbage-first heap   total 327680K, used 111965K [0x0000000702000000, 0x0000000800000000)
  region size 2048K, 32 young (65536K), 4 survivors (8192K)
 Metaspace       used 82891K, committed 83712K, reserved 1179648K
  class space    used 9837K, committed 10240K, reserved 1048576K
}
Event: 825.087 GC heap after
{Heap after GC invocations=104 (full 8):
 garbage-first heap   total 131072K, used 31401K [0x0000000702000000, 0x0000000800000000)
  region size 2048K, 0 young (0K), 0 survivors (0K)
 Metaspace       used 82869K, committed 83712K, reserved 1179648K
  class space    used 9833K, committed 10240K, reserved 1048576K
}
Event: 826.839 GC heap before
{Heap before GC invocations=104 (full 8):
 garbage-first heap   total 131072K, used 84649K [0x0000000702000000, 0x0000000800000000)
  region size 2048K, 26 young (53248K), 0 survivors (0K)
 Metaspace       used 83312K, committed 84160K, reserved 1179648K
  class space    used 9871K, committed 10240K, reserved 1048576K
}
Event: 826.843 GC heap after
{Heap after GC invocations=105 (full 8):
 garbage-first heap   total 131072K, used 36356K [0x0000000702000000, 0x0000000800000000)
  region size 2048K, 3 young (6144K), 3 survivors (6144K)
 Metaspace       used 83312K, committed 84160K, reserved 1179648K
  class space    used 9871K, committed 10240K, reserved 1048576K
}
Event: 827.046 GC heap before
{Heap before GC invocations=106 (full 8):
 garbage-first heap   total 131072K, used 85508K [0x0000000702000000, 0x0000000800000000)
  region size 2048K, 27 young (55296K), 3 survivors (6144K)
 Metaspace       used 83960K, committed 84864K, reserved 1179648K
  class space    used 9913K, committed 10304K, reserved 1048576K
}
Event: 827.050 GC heap after
{Heap after GC invocations=107 (full 8):
 garbage-first heap   total 131072K, used 38291K [0x0000000702000000, 0x0000000800000000)
  region size 2048K, 2 young (4096K), 2 survivors (4096K)
 Metaspace       used 83960K, committed 84864K, reserved 1179648K
  class space    used 9913K, committed 10304K, reserved 1048576K
}
Event: 827.052 GC heap before
{Heap before GC invocations=107 (full 8):
 garbage-first heap   total 131072K, used 40339K [0x0000000702000000, 0x0000000800000000)
  region size 2048K, 3 young (6144K), 2 survivors (4096K)
 Metaspace       used 83960K, committed 84864K, reserved 1179648K
  class space    used 9913K, committed 10304K, reserved 1048576K
}
Event: 827.055 GC heap after
{Heap after GC invocations=108 (full 8):
 garbage-first heap   total 131072K, used 37882K [0x0000000702000000, 0x0000000800000000)
  region size 2048K, 1 young (2048K), 1 survivors (2048K)
 Metaspace       used 83960K, committed 84864K, reserved 1179648K
  class space    used 9913K, committed 10304K, reserved 1048576K
}
Event: 827.218 GC heap before
{Heap before GC invocations=108 (full 8):
 garbage-first heap   total 131072K, used 87034K [0x0000000702000000, 0x0000000800000000)
  region size 2048K, 26 young (53248K), 1 survivors (2048K)
 Metaspace       used 84309K, committed 85184K, reserved 1179648K
  class space    used 9932K, committed 10304K, reserved 1048576K
}
Event: 827.225 GC heap after
{Heap after GC invocations=109 (full 8):
 garbage-first heap   total 131072K, used 44184K [0x0000000702000000, 0x0000000800000000)
  region size 2048K, 4 young (8192K), 4 survivors (8192K)
 Metaspace       used 84309K, committed 85184K, reserved 1179648K
  class space    used 9932K, committed 10304K, reserved 1048576K
}
Event: 827.376 GC heap before
{Heap before GC invocations=110 (full 8):
 garbage-first heap   total 133120K, used 87192K [0x0000000702000000, 0x0000000800000000)
  region size 2048K, 26 young (53248K), 4 survivors (8192K)
 Metaspace       used 84292K, committed 85184K, reserved 1179648K
  class space    used 9929K, committed 10304K, reserved 1048576K
}
Event: 827.382 GC heap after
{Heap after GC invocations=111 (full 8):
 garbage-first heap   total 133120K, used 44434K [0x0000000702000000, 0x0000000800000000)
  region size 2048K, 3 young (6144K), 3 survivors (6144K)
 Metaspace       used 84292K, committed 85184K, reserved 1179648K
  class space    used 9929K, committed 10304K, reserved 1048576K
}
Event: 827.385 GC heap before
{Heap before GC invocations=111 (full 8):
 garbage-first heap   total 133120K, used 46482K [0x0000000702000000, 0x0000000800000000)
  region size 2048K, 4 young (8192K), 3 survivors (6144K)
 Metaspace       used 84292K, committed 85184K, reserved 1179648K
  class space    used 9929K, committed 10304K, reserved 1048576K
}
Event: 827.390 GC heap after
{Heap after GC invocations=112 (full 8):
 garbage-first heap   total 382976K, used 45421K [0x0000000702000000, 0x0000000800000000)
  region size 2048K, 1 young (2048K), 1 survivors (2048K)
 Metaspace       used 84292K, committed 85184K, reserved 1179648K
  class space    used 9929K, committed 10304K, reserved 1048576K
}

